Arguments: 
  /usr/bin/node-18 /usr/bin/yarn

PATH: 
  /home/geoffrey/go/bin:/home/linuxbrew/.linuxbrew/bin:/home/linuxbrew/.linuxbrew/sbin:/home/geoffrey/go/bin:/home/geoffrey/.local/share/pnpm:/home/linuxbrew/.linuxbrew/bin:/home/linuxbrew/.linuxbrew/sbin:/usr/local/bin:/usr/local/sbin:/usr/bin:/usr/sbin:/var/lib/snapd/snap/bin

Yarn version: 
  1.22.19

Node version: 
  18.17.1

Platform: 
  linux x64

Trace: 
  Error: connect ENETUNREACH 2606:4700::6810:223:443
      at TCPConnectWrap.afterConnect [as oncomplete] (node:net:1495:16)

npm manifest: 
  {
    "name": "server",
    "version": "1.0.0",
    "description": "",
    "main": "src/index.ts",
    "scripts": {
      "dev": "ts-node-dev --respawn --transpile-only src/index.ts",
      "start": "node dist/index.js",
      "build": "tsc",
      "prisma": "npx prisma"
    },
    "author": "",
    "license": "ISC",
    "dependencies": {
      "@prisma/client": "^5.11.0",
      "@types/express": "^4.17.21",
      "@types/node": "^20.11.30",
      "express": "^4.18.3",
      "prisma": "^5.11.0",
      "ts-node": "^10.9.2",
      "ts-node-dev": "^2.0.0",
      "typescript": "^5.4.2"
    }
  }

yarn manifest: 
  No manifest

Lockfile: 
  No lockfile
